Freezing layer 'model.0.conv.weight'
Freezing layer 'model.0.bn.weight'
Freezing layer 'model.0.bn.bias'
Freezing layer 'model.1.conv.weight'
Freezing layer 'model.1.bn.weight'
Freezing layer 'model.1.bn.bias'
Freezing layer 'model.2.cv1.conv.weight'
Freezing layer 'model.2.cv1.bn.weight'
Freezing layer 'model.2.cv1.bn.bias'
Freezing layer 'model.2.cv2.conv.weight'
Freezing layer 'model.2.cv2.bn.weight'
Freezing layer 'model.2.cv2.bn.bias'
Freezing layer 'model.2.m.0.cv1.conv.weight'
Freezing layer 'model.2.m.0.cv1.bn.weight'
Freezing layer 'model.2.m.0.cv1.bn.bias'
Freezing layer 'model.2.m.0.cv2.conv.weight'
Freezing layer 'model.2.m.0.cv2.bn.weight'
Freezing layer 'model.2.m.0.cv2.bn.bias'
Freezing layer 'model.2.m.1.cv1.conv.weight'
Freezing layer 'model.2.m.1.cv1.bn.weight'
Freezing layer 'model.2.m.1.cv1.bn.bias'
Freezing layer 'model.2.m.1.cv2.conv.weight'
Freezing layer 'model.2.m.1.cv2.bn.weight'
Freezing layer 'model.2.m.1.cv2.bn.bias'
Freezing layer 'model.3.conv.weight'
Freezing layer 'model.3.bn.weight'
Freezing layer 'model.3.bn.bias'
Freezing layer 'model.4.cv1.conv.weight'
Freezing layer 'model.4.cv1.bn.weight'
Freezing layer 'model.4.cv1.bn.bias'
Freezing layer 'model.4.cv2.conv.weight'
Freezing layer 'model.4.cv2.bn.weight'
Freezing layer 'model.4.cv2.bn.bias'
Freezing layer 'model.4.m.0.cv1.conv.weight'
Freezing layer 'model.4.m.0.cv1.bn.weight'
Freezing layer 'model.4.m.0.cv1.bn.bias'
Freezing layer 'model.4.m.0.cv2.conv.weight'
Freezing layer 'model.4.m.0.cv2.bn.weight'
Freezing layer 'model.4.m.0.cv2.bn.bias'
Freezing layer 'model.4.m.1.cv1.conv.weight'
Freezing layer 'model.4.m.1.cv1.bn.weight'
Freezing layer 'model.4.m.1.cv1.bn.bias'
Freezing layer 'model.4.m.1.cv2.conv.weight'
Freezing layer 'model.4.m.1.cv2.bn.weight'
Freezing layer 'model.4.m.1.cv2.bn.bias'
Freezing layer 'model.4.m.2.cv1.conv.weight'
Freezing layer 'model.4.m.2.cv1.bn.weight'
Freezing layer 'model.4.m.2.cv1.bn.bias'
Freezing layer 'model.4.m.2.cv2.conv.weight'
Freezing layer 'model.4.m.2.cv2.bn.weight'
Freezing layer 'model.4.m.2.cv2.bn.bias'
Freezing layer 'model.4.m.3.cv1.conv.weight'
Freezing layer 'model.4.m.3.cv1.bn.weight'
Freezing layer 'model.4.m.3.cv1.bn.bias'
Freezing layer 'model.4.m.3.cv2.conv.weight'
Freezing layer 'model.4.m.3.cv2.bn.weight'
Freezing layer 'model.4.m.3.cv2.bn.bias'
Freezing layer 'model.5.cv1.conv.weight'
Freezing layer 'model.5.cv1.bn.weight'
Freezing layer 'model.5.cv1.bn.bias'
Freezing layer 'model.5.cv2.conv.weight'
Freezing layer 'model.5.cv2.bn.weight'
Freezing layer 'model.5.cv2.bn.bias'
Freezing layer 'model.6.cv1.conv.weight'
Freezing layer 'model.6.cv1.bn.weight'
Freezing layer 'model.6.cv1.bn.bias'
Freezing layer 'model.6.cv2.conv.weight'
Freezing layer 'model.6.cv2.bn.weight'
Freezing layer 'model.6.cv2.bn.bias'
Freezing layer 'model.6.m.0.cv1.conv.weight'
Freezing layer 'model.6.m.0.cv1.bn.weight'
Freezing layer 'model.6.m.0.cv1.bn.bias'
Freezing layer 'model.6.m.0.cv2.conv.weight'
Freezing layer 'model.6.m.0.cv2.bn.weight'
Freezing layer 'model.6.m.0.cv2.bn.bias'
Freezing layer 'model.6.m.1.cv1.conv.weight'
Freezing layer 'model.6.m.1.cv1.bn.weight'
Freezing layer 'model.6.m.1.cv1.bn.bias'
Freezing layer 'model.6.m.1.cv2.conv.weight'
Freezing layer 'model.6.m.1.cv2.bn.weight'
Freezing layer 'model.6.m.1.cv2.bn.bias'
Freezing layer 'model.6.m.2.cv1.conv.weight'
Freezing layer 'model.6.m.2.cv1.bn.weight'
Freezing layer 'model.6.m.2.cv1.bn.bias'
Freezing layer 'model.6.m.2.cv2.conv.weight'
Freezing layer 'model.6.m.2.cv2.bn.weight'
Freezing layer 'model.6.m.2.cv2.bn.bias'
Freezing layer 'model.6.m.3.cv1.conv.weight'
Freezing layer 'model.6.m.3.cv1.bn.weight'
Freezing layer 'model.6.m.3.cv1.bn.bias'
Freezing layer 'model.6.m.3.cv2.conv.weight'
Freezing layer 'model.6.m.3.cv2.bn.weight'
Freezing layer 'model.6.m.3.cv2.bn.bias'
Freezing layer 'model.7.cv1.conv.weight'
Freezing layer 'model.7.cv1.bn.weight'
Freezing layer 'model.7.cv1.bn.bias'
Freezing layer 'model.7.cv2.conv.weight'
Freezing layer 'model.7.cv2.bn.weight'
Freezing layer 'model.7.cv2.bn.bias'
Freezing layer 'model.8.cv1.conv.weight'
Freezing layer 'model.8.cv1.bn.weight'
Freezing layer 'model.8.cv1.bn.bias'
Freezing layer 'model.8.cv2.conv.weight'
Freezing layer 'model.8.cv2.bn.weight'
Freezing layer 'model.8.cv2.bn.bias'
Freezing layer 'model.8.m.0.cv1.0.conv.weight'
Freezing layer 'model.8.m.0.cv1.0.bn.weight'
Freezing layer 'model.8.m.0.cv1.0.bn.bias'
Freezing layer 'model.8.m.0.cv1.1.conv.weight'
Freezing layer 'model.8.m.0.cv1.1.bn.weight'
Freezing layer 'model.8.m.0.cv1.1.bn.bias'
Freezing layer 'model.8.m.0.cv1.2.conv.weight'
Freezing layer 'model.8.m.0.cv1.2.bn.weight'
Freezing layer 'model.8.m.0.cv1.2.bn.bias'
Freezing layer 'model.8.m.0.cv1.3.conv.weight'
Freezing layer 'model.8.m.0.cv1.3.bn.weight'
Freezing layer 'model.8.m.0.cv1.3.bn.bias'
Freezing layer 'model.8.m.0.cv1.4.conv.weight'
Freezing layer 'model.8.m.0.cv1.4.bn.weight'
Freezing layer 'model.8.m.0.cv1.4.bn.bias'
Freezing layer 'model.8.m.1.cv1.0.conv.weight'
Freezing layer 'model.8.m.1.cv1.0.bn.weight'
Freezing layer 'model.8.m.1.cv1.0.bn.bias'
Freezing layer 'model.8.m.1.cv1.1.conv.weight'
Freezing layer 'model.8.m.1.cv1.1.bn.weight'
Freezing layer 'model.8.m.1.cv1.1.bn.bias'
Freezing layer 'model.8.m.1.cv1.2.conv.weight'
Freezing layer 'model.8.m.1.cv1.2.bn.weight'
Freezing layer 'model.8.m.1.cv1.2.bn.bias'
Freezing layer 'model.8.m.1.cv1.3.conv.weight'
Freezing layer 'model.8.m.1.cv1.3.bn.weight'
Freezing layer 'model.8.m.1.cv1.3.bn.bias'
Freezing layer 'model.8.m.1.cv1.4.conv.weight'
Freezing layer 'model.8.m.1.cv1.4.bn.weight'
Freezing layer 'model.8.m.1.cv1.4.bn.bias'
Freezing layer 'model.9.cv1.conv.weight'
Freezing layer 'model.9.cv1.bn.weight'
Freezing layer 'model.9.cv1.bn.bias'
Freezing layer 'model.9.cv2.conv.weight'
Freezing layer 'model.9.cv2.bn.weight'
Freezing layer 'model.9.cv2.bn.bias'
Freezing layer 'model.23.dfl.conv.weight'
[34m[1mAMP: [39m[22mrunning Automatic Mixed Precision (AMP) checks with YOLOv8n...
[34m[1mAMP: [39m[22mchecks passed âœ…
[34m[1mtrain: [39m[22mScanning /home/animated/Projects/Sailbot/src/object_detection/object_detection/datasets/SailbotVT-4/train/labels.cache... 12816 images, 1474 backgrou
[34m[1mval: [39m[22mScanning /home/animated/Projects/Sailbot/src/object_detection/object_detection/datasets/SailbotVT-4/valid/labels.cache... 1845 images, 211 backgrounds,
[34m[1malbumentations: [39m[22mBlur(p=0.01, blur_limit=(3, 7)), MedianBlur(p=0.01, blur_limit=(3, 7)), ToGray(p=0.01), CLAHE(p=0.01, clip_limit=(1, 4.0), tile_grid_size=(8, 8))
Plotting labels to runs/detect/train32/labels.jpg...
[34m[1moptimizer:[39m[22m 'optimizer=auto' found, ignoring 'lr0=0.01' and 'momentum=0.937' and determining best 'optimizer', 'lr0' and 'momentum' automatically...
[34m[1moptimizer:[39m[22m AdamW(lr=0.002, momentum=0.9) with parameter groups 135 weight(decay=0.0), 148 weight(decay=0.0005), 147 bias(decay=0.0)
Traceback (most recent call last):
  File "/home/animated/miniforge3/lib/python3.10/site-packages/torch/jit/_trace.py", line 1056, in trace_module
    module._c._create_method_from_trace(
  File "/home/animated/miniforge3/lib/python3.10/site-packages/torch/jit/_trace.py", line 34, in _get_interpreter_name_for_var
    def _get_interpreter_name_for_var(var):
KeyboardInterrupt
During handling of the above exception, another exception occurred:
Traceback (most recent call last):
  File "/home/animated/miniforge3/lib/python3.10/site-packages/ultralytics/utils/callbacks/tensorboard.py", line 49, in _log_tensorboard_graph
    WRITER.add_graph(torch.jit.trace(de_parallel(trainer.model), im, strict=False), [])
  File "/home/animated/miniforge3/lib/python3.10/site-packages/torch/jit/_trace.py", line 794, in trace
    return trace_module(
  File "/home/animated/miniforge3/lib/python3.10/site-packages/torch/jit/_trace.py", line 1056, in trace_module
    module._c._create_method_from_trace(
KeyboardInterrupt
During handling of the above exception, another exception occurred:
Traceback (most recent call last):
  File "/home/animated/miniforge3/lib/python3.10/site-packages/ultralytics/utils/callbacks/tensorboard.py", line 49, in _log_tensorboard_graph
    WRITER.add_graph(torch.jit.trace(de_parallel(trainer.model), im, strict=False), [])
  File "/home/animated/miniforge3/lib/python3.10/site-packages/torch/utils/data/_utils/signal_handling.py", line 66, in handler
    _error_if_any_worker_fails()
RuntimeError: DataLoader worker (pid 2148) exited unexpectedly with exit code 1. Details are lost due to multiprocessing. Rerunning with num_workers=0 may give better error trace.
During handling of the above exception, another exception occurred:
Traceback (most recent call last):
  File "/home/animated/Projects/Sailbot/src/object_detection/object_detection/train_buoy_classifier.py", line 4, in <module>
    model.train(
  File "/home/animated/miniforge3/lib/python3.10/site-packages/ultralytics/engine/model.py", line 657, in train
    self.trainer.train()
  File "/home/animated/miniforge3/lib/python3.10/site-packages/ultralytics/engine/trainer.py", line 213, in train
    self._do_train(world_size)
  File "/home/animated/miniforge3/lib/python3.10/site-packages/ultralytics/engine/trainer.py", line 335, in _do_train
    self.run_callbacks("on_train_start")
  File "/home/animated/miniforge3/lib/python3.10/site-packages/ultralytics/engine/trainer.py", line 176, in run_callbacks
    callback(self)
  File "/home/animated/miniforge3/lib/python3.10/site-packages/ultralytics/utils/callbacks/tensorboard.py", line 83, in on_train_start
    _log_tensorboard_graph(trainer)
  File "/home/animated/miniforge3/lib/python3.10/site-packages/ultralytics/utils/callbacks/tensorboard.py", line 49, in _log_tensorboard_graph
    WRITER.add_graph(torch.jit.trace(de_parallel(trainer.model), im, strict=False), [])
KeyboardInterrupt
Traceback (most recent call last):
  File "/home/animated/miniforge3/lib/python3.10/site-packages/torch/jit/_trace.py", line 1056, in trace_module
    module._c._create_method_from_trace(
  File "/home/animated/miniforge3/lib/python3.10/site-packages/torch/jit/_trace.py", line 34, in _get_interpreter_name_for_var
    def _get_interpreter_name_for_var(var):
KeyboardInterrupt
During handling of the above exception, another exception occurred:
Traceback (most recent call last):
  File "/home/animated/miniforge3/lib/python3.10/site-packages/ultralytics/utils/callbacks/tensorboard.py", line 49, in _log_tensorboard_graph
    WRITER.add_graph(torch.jit.trace(de_parallel(trainer.model), im, strict=False), [])
  File "/home/animated/miniforge3/lib/python3.10/site-packages/torch/jit/_trace.py", line 794, in trace
    return trace_module(
  File "/home/animated/miniforge3/lib/python3.10/site-packages/torch/jit/_trace.py", line 1056, in trace_module
    module._c._create_method_from_trace(
KeyboardInterrupt
During handling of the above exception, another exception occurred:
Traceback (most recent call last):
  File "/home/animated/miniforge3/lib/python3.10/site-packages/ultralytics/utils/callbacks/tensorboard.py", line 49, in _log_tensorboard_graph
    WRITER.add_graph(torch.jit.trace(de_parallel(trainer.model), im, strict=False), [])
  File "/home/animated/miniforge3/lib/python3.10/site-packages/torch/utils/data/_utils/signal_handling.py", line 66, in handler
    _error_if_any_worker_fails()
RuntimeError: DataLoader worker (pid 2148) exited unexpectedly with exit code 1. Details are lost due to multiprocessing. Rerunning with num_workers=0 may give better error trace.
During handling of the above exception, another exception occurred:
Traceback (most recent call last):
  File "/home/animated/Projects/Sailbot/src/object_detection/object_detection/train_buoy_classifier.py", line 4, in <module>
    model.train(
  File "/home/animated/miniforge3/lib/python3.10/site-packages/ultralytics/engine/model.py", line 657, in train
    self.trainer.train()
  File "/home/animated/miniforge3/lib/python3.10/site-packages/ultralytics/engine/trainer.py", line 213, in train
    self._do_train(world_size)
  File "/home/animated/miniforge3/lib/python3.10/site-packages/ultralytics/engine/trainer.py", line 335, in _do_train
    self.run_callbacks("on_train_start")
  File "/home/animated/miniforge3/lib/python3.10/site-packages/ultralytics/engine/trainer.py", line 176, in run_callbacks
    callback(self)
  File "/home/animated/miniforge3/lib/python3.10/site-packages/ultralytics/utils/callbacks/tensorboard.py", line 83, in on_train_start
    _log_tensorboard_graph(trainer)
  File "/home/animated/miniforge3/lib/python3.10/site-packages/ultralytics/utils/callbacks/tensorboard.py", line 49, in _log_tensorboard_graph
    WRITER.add_graph(torch.jit.trace(de_parallel(trainer.model), im, strict=False), [])
KeyboardInterrupt